The system is: Linux - 3.10.0-1160.62.1.el7.x86_64 - x86_64
Compiling the C compiler identification source file "CMakeCCompilerId.c" succeeded.
Compiler: /usr/bin/cc 
Build flags: 
Id flags:  

The output was:
0


Compilation of the C compiler identification source "CMakeCCompilerId.c" produced "a.out"

The C compiler identification is GNU, found in "/home/zqs/project/workload_predict/build/CMakeFiles/3.12.3/CompilerIdC/a.out"

Compiling the CXX compiler identification source file "CMakeCXXCompilerId.cpp" succeeded.
Compiler: /usr/bin/g++ 
Build flags: 
Id flags:  

The output was:
0


Compilation of the CXX compiler identification source "CMakeCXXCompilerId.cpp" produced "a.out"

The CXX compiler identification is GNU, found in "/home/zqs/project/workload_predict/build/CMakeFiles/3.12.3/CompilerIdCXX/a.out"

Compiling the C compiler identification source file "CMakeCCompilerId.c" succeeded.
Compiler: /usr/bin/gcc 
Build flags: 
Id flags:  

The output was:
0


Compilation of the C compiler identification source "CMakeCCompilerId.c" produced "a.out"

The C compiler identification is GNU, found in "/home/zqs/project/workload_predict/build/CMakeFiles/3.12.3/CompilerIdC/a.out"

Determining if the CXX compiler works passed with the following output:
Change Dir: /home/zqs/project/workload_predict/build/CMakeFiles/CMakeTmp

Run Build Command:"/usr/bin/gmake" "cmTC_fd12b/fast"
/usr/bin/gmake -f CMakeFiles/cmTC_fd12b.dir/build.make CMakeFiles/cmTC_fd12b.dir/build
gmake[1]: Entering directory `/home/zqs/project/workload_predict/build/CMakeFiles/CMakeTmp'
Building CXX object CMakeFiles/cmTC_fd12b.dir/testCXXCompiler.cxx.o
/usr/bin/g++     -o CMakeFiles/cmTC_fd12b.dir/testCXXCompiler.cxx.o -c /home/zqs/project/workload_predict/build/CMakeFiles/CMakeTmp/testCXXCompiler.cxx
Linking CXX executable cmTC_fd12b
/usr/local/bin/cmake -E cmake_link_script CMakeFiles/cmTC_fd12b.dir/link.txt --verbose=1
/usr/bin/g++       -rdynamic CMakeFiles/cmTC_fd12b.dir/testCXXCompiler.cxx.o  -o cmTC_fd12b 
gmake[1]: Leaving directory `/home/zqs/project/workload_predict/build/CMakeFiles/CMakeTmp'


Detecting CXX compiler ABI info compiled with the following output:
Change Dir: /home/zqs/project/workload_predict/build/CMakeFiles/CMakeTmp

Run Build Command:"/usr/bin/gmake" "cmTC_3baf0/fast"
/usr/bin/gmake -f CMakeFiles/cmTC_3baf0.dir/build.make CMakeFiles/cmTC_3baf0.dir/build
gmake[1]: Entering directory `/home/zqs/project/workload_predict/build/CMakeFiles/CMakeTmp'
Building CXX object CMakeFiles/cmTC_3baf0.dir/CMakeCXXCompilerABI.cpp.o
/usr/bin/g++     -o CMakeFiles/cmTC_3baf0.dir/CMakeCXXCompilerABI.cpp.o -c /usr/local/share/cmake-3.12/Modules/CMakeCXXCompilerABI.cpp
Linking CXX executable cmTC_3baf0
/usr/local/bin/cmake -E cmake_link_script CMakeFiles/cmTC_3baf0.dir/link.txt --verbose=1
/usr/bin/g++      -v -rdynamic CMakeFiles/cmTC_3baf0.dir/CMakeCXXCompilerABI.cpp.o  -o cmTC_3baf0 
Using built-in specs.
COLLECT_GCC=/usr/bin/g++
COLLECT_LTO_WRAPPER=/usr/local/gcc/libexec/gcc/x86_64-pc-linux-gnu/7.5.0/lto-wrapper
Target: x86_64-pc-linux-gnu
Configured with: ./configure --prefix=/usr/local/gcc --enable-languages=c,c++ --disable-multilib
Thread model: posix
gcc version 7.5.0 (GCC) 
COMPILER_PATH=/usr/local/gcc/libexec/gcc/x86_64-pc-linux-gnu/7.5.0/:/usr/local/gcc/libexec/gcc/x86_64-pc-linux-gnu/7.5.0/:/usr/local/gcc/libexec/gcc/x86_64-pc-linux-gnu/:/usr/local/gcc/lib/gcc/x86_64-pc-linux-gnu/7.5.0/:/usr/local/gcc/lib/gcc/x86_64-pc-linux-gnu/
LIBRARY_PATH=/usr/local/gcc/lib/gcc/x86_64-pc-linux-gnu/7.5.0/:/usr/local/gcc/lib/gcc/x86_64-pc-linux-gnu/7.5.0/../../../../lib64/:/lib/../lib64/:/usr/lib/../lib64/:/usr/local/gcc/lib/gcc/x86_64-pc-linux-gnu/7.5.0/../../../:/lib/:/usr/lib/
COLLECT_GCC_OPTIONS='-v' '-rdynamic' '-o' 'cmTC_3baf0' '-shared-libgcc' '-mtune=generic' '-march=x86-64'
 /usr/local/gcc/libexec/gcc/x86_64-pc-linux-gnu/7.5.0/collect2 -plugin /usr/local/gcc/libexec/gcc/x86_64-pc-linux-gnu/7.5.0/liblto_plugin.so -plugin-opt=/usr/local/gcc/libexec/gcc/x86_64-pc-linux-gnu/7.5.0/lto-wrapper -plugin-opt=-fresolution=/tmp/ccld66Ht.res -plugin-opt=-pass-through=-lgcc_s -plugin-opt=-pass-through=-lgcc -plugin-opt=-pass-through=-lc -plugin-opt=-pass-through=-lgcc_s -plugin-opt=-pass-through=-lgcc --eh-frame-hdr -m elf_x86_64 -export-dynamic -dynamic-linker /lib64/ld-linux-x86-64.so.2 -o cmTC_3baf0 /lib/../lib64/crt1.o /lib/../lib64/crti.o /usr/local/gcc/lib/gcc/x86_64-pc-linux-gnu/7.5.0/crtbegin.o -L/usr/local/gcc/lib/gcc/x86_64-pc-linux-gnu/7.5.0 -L/usr/local/gcc/lib/gcc/x86_64-pc-linux-gnu/7.5.0/../../../../lib64 -L/lib/../lib64 -L/usr/lib/../lib64 -L/usr/local/gcc/lib/gcc/x86_64-pc-linux-gnu/7.5.0/../../.. CMakeFiles/cmTC_3baf0.dir/CMakeCXXCompilerABI.cpp.o -lstdc++ -lm -lgcc_s -lgcc -lc -lgcc_s -lgcc /usr/local/gcc/lib/gcc/x86_64-pc-linux-gnu/7.5.0/crtend.o /lib/../lib64/crtn.o
COLLECT_GCC_OPTIONS='-v' '-rdynamic' '-o' 'cmTC_3baf0' '-shared-libgcc' '-mtune=generic' '-march=x86-64'
gmake[1]: Leaving directory `/home/zqs/project/workload_predict/build/CMakeFiles/CMakeTmp'


Parsed CXX implicit link information from above output:
  link line regex: [^( *|.*[/\])(ld|CMAKE_LINK_STARTFILE-NOTFOUND|([^/\]+-)?ld|collect2)[^/\]*( |$)]
  ignore line: [Change Dir: /home/zqs/project/workload_predict/build/CMakeFiles/CMakeTmp]
  ignore line: []
  ignore line: [Run Build Command:"/usr/bin/gmake" "cmTC_3baf0/fast"]
  ignore line: [/usr/bin/gmake -f CMakeFiles/cmTC_3baf0.dir/build.make CMakeFiles/cmTC_3baf0.dir/build]
  ignore line: [gmake[1]: Entering directory `/home/zqs/project/workload_predict/build/CMakeFiles/CMakeTmp']
  ignore line: [Building CXX object CMakeFiles/cmTC_3baf0.dir/CMakeCXXCompilerABI.cpp.o]
  ignore line: [/usr/bin/g++     -o CMakeFiles/cmTC_3baf0.dir/CMakeCXXCompilerABI.cpp.o -c /usr/local/share/cmake-3.12/Modules/CMakeCXXCompilerABI.cpp]
  ignore line: [Linking CXX executable cmTC_3baf0]
  ignore line: [/usr/local/bin/cmake -E cmake_link_script CMakeFiles/cmTC_3baf0.dir/link.txt --verbose=1]
  ignore line: [/usr/bin/g++      -v -rdynamic CMakeFiles/cmTC_3baf0.dir/CMakeCXXCompilerABI.cpp.o  -o cmTC_3baf0 ]
  ignore line: [Using built-in specs.]
  ignore line: [COLLECT_GCC=/usr/bin/g++]
  ignore line: [COLLECT_LTO_WRAPPER=/usr/local/gcc/libexec/gcc/x86_64-pc-linux-gnu/7.5.0/lto-wrapper]
  ignore line: [Target: x86_64-pc-linux-gnu]
  ignore line: [Configured with: ./configure --prefix=/usr/local/gcc --enable-languages=c,c++ --disable-multilib]
  ignore line: [Thread model: posix]
  ignore line: [gcc version 7.5.0 (GCC) ]
  ignore line: [COMPILER_PATH=/usr/local/gcc/libexec/gcc/x86_64-pc-linux-gnu/7.5.0/:/usr/local/gcc/libexec/gcc/x86_64-pc-linux-gnu/7.5.0/:/usr/local/gcc/libexec/gcc/x86_64-pc-linux-gnu/:/usr/local/gcc/lib/gcc/x86_64-pc-linux-gnu/7.5.0/:/usr/local/gcc/lib/gcc/x86_64-pc-linux-gnu/]
  ignore line: [LIBRARY_PATH=/usr/local/gcc/lib/gcc/x86_64-pc-linux-gnu/7.5.0/:/usr/local/gcc/lib/gcc/x86_64-pc-linux-gnu/7.5.0/../../../../lib64/:/lib/../lib64/:/usr/lib/../lib64/:/usr/local/gcc/lib/gcc/x86_64-pc-linux-gnu/7.5.0/../../../:/lib/:/usr/lib/]
  ignore line: [COLLECT_GCC_OPTIONS='-v' '-rdynamic' '-o' 'cmTC_3baf0' '-shared-libgcc' '-mtune=generic' '-march=x86-64']
  link line: [ /usr/local/gcc/libexec/gcc/x86_64-pc-linux-gnu/7.5.0/collect2 -plugin /usr/local/gcc/libexec/gcc/x86_64-pc-linux-gnu/7.5.0/liblto_plugin.so -plugin-opt=/usr/local/gcc/libexec/gcc/x86_64-pc-linux-gnu/7.5.0/lto-wrapper -plugin-opt=-fresolution=/tmp/ccld66Ht.res -plugin-opt=-pass-through=-lgcc_s -plugin-opt=-pass-through=-lgcc -plugin-opt=-pass-through=-lc -plugin-opt=-pass-through=-lgcc_s -plugin-opt=-pass-through=-lgcc --eh-frame-hdr -m elf_x86_64 -export-dynamic -dynamic-linker /lib64/ld-linux-x86-64.so.2 -o cmTC_3baf0 /lib/../lib64/crt1.o /lib/../lib64/crti.o /usr/local/gcc/lib/gcc/x86_64-pc-linux-gnu/7.5.0/crtbegin.o -L/usr/local/gcc/lib/gcc/x86_64-pc-linux-gnu/7.5.0 -L/usr/local/gcc/lib/gcc/x86_64-pc-linux-gnu/7.5.0/../../../../lib64 -L/lib/../lib64 -L/usr/lib/../lib64 -L/usr/local/gcc/lib/gcc/x86_64-pc-linux-gnu/7.5.0/../../.. CMakeFiles/cmTC_3baf0.dir/CMakeCXXCompilerABI.cpp.o -lstdc++ -lm -lgcc_s -lgcc -lc -lgcc_s -lgcc /usr/local/gcc/lib/gcc/x86_64-pc-linux-gnu/7.5.0/crtend.o /lib/../lib64/crtn.o]
    arg [/usr/local/gcc/libexec/gcc/x86_64-pc-linux-gnu/7.5.0/collect2] ==> ignore
    arg [-plugin] ==> ignore
    arg [/usr/local/gcc/libexec/gcc/x86_64-pc-linux-gnu/7.5.0/liblto_plugin.so] ==> ignore
    arg [-plugin-opt=/usr/local/gcc/libexec/gcc/x86_64-pc-linux-gnu/7.5.0/lto-wrapper] ==> ignore
    arg [-plugin-opt=-fresolution=/tmp/ccld66Ht.res] ==> ignore
    arg [-plugin-opt=-pass-through=-lgcc_s] ==> ignore
    arg [-plugin-opt=-pass-through=-lgcc] ==> ignore
    arg [-plugin-opt=-pass-through=-lc] ==> ignore
    arg [-plugin-opt=-pass-through=-lgcc_s] ==> ignore
    arg [-plugin-opt=-pass-through=-lgcc] ==> ignore
    arg [--eh-frame-hdr] ==> ignore
    arg [-m] ==> ignore
    arg [elf_x86_64] ==> ignore
    arg [-export-dynamic] ==> ignore
    arg [-dynamic-linker] ==> ignore
    arg [/lib64/ld-linux-x86-64.so.2] ==> ignore
    arg [-o] ==> ignore
    arg [cmTC_3baf0] ==> ignore
    arg [/lib/../lib64/crt1.o] ==> ignore
    arg [/lib/../lib64/crti.o] ==> ignore
    arg [/usr/local/gcc/lib/gcc/x86_64-pc-linux-gnu/7.5.0/crtbegin.o] ==> ignore
    arg [-L/usr/local/gcc/lib/gcc/x86_64-pc-linux-gnu/7.5.0] ==> dir [/usr/local/gcc/lib/gcc/x86_64-pc-linux-gnu/7.5.0]
    arg [-L/usr/local/gcc/lib/gcc/x86_64-pc-linux-gnu/7.5.0/../../../../lib64] ==> dir [/usr/local/gcc/lib/gcc/x86_64-pc-linux-gnu/7.5.0/../../../../lib64]
    arg [-L/lib/../lib64] ==> dir [/lib/../lib64]
    arg [-L/usr/lib/../lib64] ==> dir [/usr/lib/../lib64]
    arg [-L/usr/local/gcc/lib/gcc/x86_64-pc-linux-gnu/7.5.0/../../..] ==> dir [/usr/local/gcc/lib/gcc/x86_64-pc-linux-gnu/7.5.0/../../..]
    arg [CMakeFiles/cmTC_3baf0.dir/CMakeCXXCompilerABI.cpp.o] ==> ignore
    arg [-lstdc++] ==> lib [stdc++]
    arg [-lm] ==> lib [m]
    arg [-lgcc_s] ==> lib [gcc_s]
    arg [-lgcc] ==> lib [gcc]
    arg [-lc] ==> lib [c]
    arg [-lgcc_s] ==> lib [gcc_s]
    arg [-lgcc] ==> lib [gcc]
    arg [/usr/local/gcc/lib/gcc/x86_64-pc-linux-gnu/7.5.0/crtend.o] ==> ignore
    arg [/lib/../lib64/crtn.o] ==> ignore
  collapse library dir [/usr/local/gcc/lib/gcc/x86_64-pc-linux-gnu/7.5.0] ==> [/usr/local/gcc/lib/gcc/x86_64-pc-linux-gnu/7.5.0]
  collapse library dir [/usr/local/gcc/lib/gcc/x86_64-pc-linux-gnu/7.5.0/../../../../lib64] ==> [/usr/local/gcc/lib64]
  collapse library dir [/lib/../lib64] ==> [/lib64]
  collapse library dir [/usr/lib/../lib64] ==> [/usr/lib64]
  collapse library dir [/usr/local/gcc/lib/gcc/x86_64-pc-linux-gnu/7.5.0/../../..] ==> [/usr/local/gcc/lib]
  implicit libs: [stdc++;m;gcc_s;gcc;c;gcc_s;gcc]
  implicit dirs: [/usr/local/gcc/lib/gcc/x86_64-pc-linux-gnu/7.5.0;/usr/local/gcc/lib64;/lib64;/usr/lib64;/usr/local/gcc/lib]
  implicit fwks: []




Detecting CXX [-std=c++1z] compiler features compiled with the following output:
Change Dir: /home/zqs/project/workload_predict/build/CMakeFiles/CMakeTmp

Run Build Command:"/usr/bin/gmake" "cmTC_6bf25/fast"
/usr/bin/gmake -f CMakeFiles/cmTC_6bf25.dir/build.make CMakeFiles/cmTC_6bf25.dir/build
gmake[1]: Entering directory `/home/zqs/project/workload_predict/build/CMakeFiles/CMakeTmp'
Building CXX object CMakeFiles/cmTC_6bf25.dir/feature_tests.cxx.o
/usr/bin/g++    -std=c++1z -o CMakeFiles/cmTC_6bf25.dir/feature_tests.cxx.o -c /home/zqs/project/workload_predict/build/CMakeFiles/feature_tests.cxx
Linking CXX executable cmTC_6bf25
/usr/local/bin/cmake -E cmake_link_script CMakeFiles/cmTC_6bf25.dir/link.txt --verbose=1
/usr/bin/g++       -rdynamic CMakeFiles/cmTC_6bf25.dir/feature_tests.cxx.o  -o cmTC_6bf25 
gmake[1]: Leaving directory `/home/zqs/project/workload_predict/build/CMakeFiles/CMakeTmp'


    Feature record: CXX_FEATURE:1cxx_aggregate_default_initializers
    Feature record: CXX_FEATURE:1cxx_alias_templates
    Feature record: CXX_FEATURE:1cxx_alignas
    Feature record: CXX_FEATURE:1cxx_alignof
    Feature record: CXX_FEATURE:1cxx_attributes
    Feature record: CXX_FEATURE:1cxx_attribute_deprecated
    Feature record: CXX_FEATURE:1cxx_auto_type
    Feature record: CXX_FEATURE:1cxx_binary_literals
    Feature record: CXX_FEATURE:1cxx_constexpr
    Feature record: CXX_FEATURE:1cxx_contextual_conversions
    Feature record: CXX_FEATURE:1cxx_decltype
    Feature record: CXX_FEATURE:1cxx_decltype_auto
    Feature record: CXX_FEATURE:1cxx_decltype_incomplete_return_types
    Feature record: CXX_FEATURE:1cxx_default_function_template_args
    Feature record: CXX_FEATURE:1cxx_defaulted_functions
    Feature record: CXX_FEATURE:1cxx_defaulted_move_initializers
    Feature record: CXX_FEATURE:1cxx_delegating_constructors
    Feature record: CXX_FEATURE:1cxx_deleted_functions
    Feature record: CXX_FEATURE:1cxx_digit_separators
    Feature record: CXX_FEATURE:1cxx_enum_forward_declarations
    Feature record: CXX_FEATURE:1cxx_explicit_conversions
    Feature record: CXX_FEATURE:1cxx_extended_friend_declarations
    Feature record: CXX_FEATURE:1cxx_extern_templates
    Feature record: CXX_FEATURE:1cxx_final
    Feature record: CXX_FEATURE:1cxx_func_identifier
    Feature record: CXX_FEATURE:1cxx_generalized_initializers
    Feature record: CXX_FEATURE:1cxx_generic_lambdas
    Feature record: CXX_FEATURE:1cxx_inheriting_constructors
    Feature record: CXX_FEATURE:1cxx_inline_namespaces
    Feature record: CXX_FEATURE:1cxx_lambdas
    Feature record: CXX_FEATURE:1cxx_lambda_init_captures
    Feature record: CXX_FEATURE:1cxx_local_type_template_args
    Feature record: CXX_FEATURE:1cxx_long_long_type
    Feature record: CXX_FEATURE:1cxx_noexcept
    Feature record: CXX_FEATURE:1cxx_nonstatic_member_init
    Feature record: CXX_FEATURE:1cxx_nullptr
    Feature record: CXX_FEATURE:1cxx_override
    Feature record: CXX_FEATURE:1cxx_range_for
    Feature record: CXX_FEATURE:1cxx_raw_string_literals
    Feature record: CXX_FEATURE:1cxx_reference_qualified_functions
    Feature record: CXX_FEATURE:1cxx_relaxed_constexpr
    Feature record: CXX_FEATURE:1cxx_return_type_deduction
    Feature record: CXX_FEATURE:1cxx_right_angle_brackets
    Feature record: CXX_FEATURE:1cxx_rvalue_references
    Feature record: CXX_FEATURE:1cxx_sizeof_member
    Feature record: CXX_FEATURE:1cxx_static_assert
    Feature record: CXX_FEATURE:1cxx_strong_enums
    Feature record: CXX_FEATURE:1cxx_template_template_parameters
    Feature record: CXX_FEATURE:1cxx_thread_local
    Feature record: CXX_FEATURE:1cxx_trailing_return_types
    Feature record: CXX_FEATURE:1cxx_unicode_literals
    Feature record: CXX_FEATURE:1cxx_uniform_initialization
    Feature record: CXX_FEATURE:1cxx_unrestricted_unions
    Feature record: CXX_FEATURE:1cxx_user_literals
    Feature record: CXX_FEATURE:1cxx_variable_templates
    Feature record: CXX_FEATURE:1cxx_variadic_macros
    Feature record: CXX_FEATURE:1cxx_variadic_templates


Detecting CXX [-std=c++14] compiler features compiled with the following output:
Change Dir: /home/zqs/project/workload_predict/build/CMakeFiles/CMakeTmp

Run Build Command:"/usr/bin/gmake" "cmTC_69537/fast"
/usr/bin/gmake -f CMakeFiles/cmTC_69537.dir/build.make CMakeFiles/cmTC_69537.dir/build
gmake[1]: Entering directory `/home/zqs/project/workload_predict/build/CMakeFiles/CMakeTmp'
Building CXX object CMakeFiles/cmTC_69537.dir/feature_tests.cxx.o
/usr/bin/g++    -std=c++14 -o CMakeFiles/cmTC_69537.dir/feature_tests.cxx.o -c /home/zqs/project/workload_predict/build/CMakeFiles/feature_tests.cxx
Linking CXX executable cmTC_69537
/usr/local/bin/cmake -E cmake_link_script CMakeFiles/cmTC_69537.dir/link.txt --verbose=1
/usr/bin/g++       -rdynamic CMakeFiles/cmTC_69537.dir/feature_tests.cxx.o  -o cmTC_69537 
gmake[1]: Leaving directory `/home/zqs/project/workload_predict/build/CMakeFiles/CMakeTmp'


    Feature record: CXX_FEATURE:1cxx_aggregate_default_initializers
    Feature record: CXX_FEATURE:1cxx_alias_templates
    Feature record: CXX_FEATURE:1cxx_alignas
    Feature record: CXX_FEATURE:1cxx_alignof
    Feature record: CXX_FEATURE:1cxx_attributes
    Feature record: CXX_FEATURE:1cxx_attribute_deprecated
    Feature record: CXX_FEATURE:1cxx_auto_type
    Feature record: CXX_FEATURE:1cxx_binary_literals
    Feature record: CXX_FEATURE:1cxx_constexpr
    Feature record: CXX_FEATURE:1cxx_contextual_conversions
    Feature record: CXX_FEATURE:1cxx_decltype
    Feature record: CXX_FEATURE:1cxx_decltype_auto
    Feature record: CXX_FEATURE:1cxx_decltype_incomplete_return_types
    Feature record: CXX_FEATURE:1cxx_default_function_template_args
    Feature record: CXX_FEATURE:1cxx_defaulted_functions
    Feature record: CXX_FEATURE:1cxx_defaulted_move_initializers
    Feature record: CXX_FEATURE:1cxx_delegating_constructors
    Feature record: CXX_FEATURE:1cxx_deleted_functions
    Feature record: CXX_FEATURE:1cxx_digit_separators
    Feature record: CXX_FEATURE:1cxx_enum_forward_declarations
    Feature record: CXX_FEATURE:1cxx_explicit_conversions
    Feature record: CXX_FEATURE:1cxx_extended_friend_declarations
    Feature record: CXX_FEATURE:1cxx_extern_templates
    Feature record: CXX_FEATURE:1cxx_final
    Feature record: CXX_FEATURE:1cxx_func_identifier
    Feature record: CXX_FEATURE:1cxx_generalized_initializers
    Feature record: CXX_FEATURE:1cxx_generic_lambdas
    Feature record: CXX_FEATURE:1cxx_inheriting_constructors
    Feature record: CXX_FEATURE:1cxx_inline_namespaces
    Feature record: CXX_FEATURE:1cxx_lambdas
    Feature record: CXX_FEATURE:1cxx_lambda_init_captures
    Feature record: CXX_FEATURE:1cxx_local_type_template_args
    Feature record: CXX_FEATURE:1cxx_long_long_type
    Feature record: CXX_FEATURE:1cxx_noexcept
    Feature record: CXX_FEATURE:1cxx_nonstatic_member_init
    Feature record: CXX_FEATURE:1cxx_nullptr
    Feature record: CXX_FEATURE:1cxx_override
    Feature record: CXX_FEATURE:1cxx_range_for
    Feature record: CXX_FEATURE:1cxx_raw_string_literals
    Feature record: CXX_FEATURE:1cxx_reference_qualified_functions
    Feature record: CXX_FEATURE:1cxx_relaxed_constexpr
    Feature record: CXX_FEATURE:1cxx_return_type_deduction
    Feature record: CXX_FEATURE:1cxx_right_angle_brackets
    Feature record: CXX_FEATURE:1cxx_rvalue_references
    Feature record: CXX_FEATURE:1cxx_sizeof_member
    Feature record: CXX_FEATURE:1cxx_static_assert
    Feature record: CXX_FEATURE:1cxx_strong_enums
    Feature record: CXX_FEATURE:1cxx_template_template_parameters
    Feature record: CXX_FEATURE:1cxx_thread_local
    Feature record: CXX_FEATURE:1cxx_trailing_return_types
    Feature record: CXX_FEATURE:1cxx_unicode_literals
    Feature record: CXX_FEATURE:1cxx_uniform_initialization
    Feature record: CXX_FEATURE:1cxx_unrestricted_unions
    Feature record: CXX_FEATURE:1cxx_user_literals
    Feature record: CXX_FEATURE:1cxx_variable_templates
    Feature record: CXX_FEATURE:1cxx_variadic_macros
    Feature record: CXX_FEATURE:1cxx_variadic_templates


Detecting CXX [-std=c++11] compiler features compiled with the following output:
Change Dir: /home/zqs/project/workload_predict/build/CMakeFiles/CMakeTmp

Run Build Command:"/usr/bin/gmake" "cmTC_ca1a0/fast"
/usr/bin/gmake -f CMakeFiles/cmTC_ca1a0.dir/build.make CMakeFiles/cmTC_ca1a0.dir/build
gmake[1]: Entering directory `/home/zqs/project/workload_predict/build/CMakeFiles/CMakeTmp'
Building CXX object CMakeFiles/cmTC_ca1a0.dir/feature_tests.cxx.o
/usr/bin/g++    -std=c++11 -o CMakeFiles/cmTC_ca1a0.dir/feature_tests.cxx.o -c /home/zqs/project/workload_predict/build/CMakeFiles/feature_tests.cxx
Linking CXX executable cmTC_ca1a0
/usr/local/bin/cmake -E cmake_link_script CMakeFiles/cmTC_ca1a0.dir/link.txt --verbose=1
/usr/bin/g++       -rdynamic CMakeFiles/cmTC_ca1a0.dir/feature_tests.cxx.o  -o cmTC_ca1a0 
gmake[1]: Leaving directory `/home/zqs/project/workload_predict/build/CMakeFiles/CMakeTmp'


    Feature record: CXX_FEATURE:0cxx_aggregate_default_initializers
    Feature record: CXX_FEATURE:1cxx_alias_templates
    Feature record: CXX_FEATURE:1cxx_alignas
    Feature record: CXX_FEATURE:1cxx_alignof
    Feature record: CXX_FEATURE:1cxx_attributes
    Feature record: CXX_FEATURE:0cxx_attribute_deprecated
    Feature record: CXX_FEATURE:1cxx_auto_type
    Feature record: CXX_FEATURE:0cxx_binary_literals
    Feature record: CXX_FEATURE:1cxx_constexpr
    Feature record: CXX_FEATURE:0cxx_contextual_conversions
    Feature record: CXX_FEATURE:1cxx_decltype
    Feature record: CXX_FEATURE:0cxx_decltype_auto
    Feature record: CXX_FEATURE:1cxx_decltype_incomplete_return_types
    Feature record: CXX_FEATURE:1cxx_default_function_template_args
    Feature record: CXX_FEATURE:1cxx_defaulted_functions
    Feature record: CXX_FEATURE:1cxx_defaulted_move_initializers
    Feature record: CXX_FEATURE:1cxx_delegating_constructors
    Feature record: CXX_FEATURE:1cxx_deleted_functions
    Feature record: CXX_FEATURE:0cxx_digit_separators
    Feature record: CXX_FEATURE:1cxx_enum_forward_declarations
    Feature record: CXX_FEATURE:1cxx_explicit_conversions
    Feature record: CXX_FEATURE:1cxx_extended_friend_declarations
    Feature record: CXX_FEATURE:1cxx_extern_templates
    Feature record: CXX_FEATURE:1cxx_final
    Feature record: CXX_FEATURE:1cxx_func_identifier
    Feature record: CXX_FEATURE:1cxx_generalized_initializers
    Feature record: CXX_FEATURE:0cxx_generic_lambdas
    Feature record: CXX_FEATURE:1cxx_inheriting_constructors
    Feature record: CXX_FEATURE:1cxx_inline_namespaces
    Feature record: CXX_FEATURE:1cxx_lambdas
    Feature record: CXX_FEATURE:0cxx_lambda_init_captures
    Feature record: CXX_FEATURE:1cxx_local_type_template_args
    Feature record: CXX_FEATURE:1cxx_long_long_type
    Feature record: CXX_FEATURE:1cxx_noexcept
    Feature record: CXX_FEATURE:1cxx_nonstatic_member_init
    Feature record: CXX_FEATURE:1cxx_nullptr
    Feature record: CXX_FEATURE:1cxx_override
    Feature record: CXX_FEATURE:1cxx_range_for
    Feature record: CXX_FEATURE:1cxx_raw_string_literals
    Feature record: CXX_FEATURE:1cxx_reference_qualified_functions
    Feature record: CXX_FEATURE:0cxx_relaxed_constexpr
    Feature record: CXX_FEATURE:0cxx_return_type_deduction
    Feature record: CXX_FEATURE:1cxx_right_angle_brackets
    Feature record: CXX_FEATURE:1cxx_rvalue_references
    Feature record: CXX_FEATURE:1cxx_sizeof_member
    Feature record: CXX_FEATURE:1cxx_static_assert
    Feature record: CXX_FEATURE:1cxx_strong_enums
    Feature record: CXX_FEATURE:1cxx_template_template_parameters
    Feature record: CXX_FEATURE:1cxx_thread_local
    Feature record: CXX_FEATURE:1cxx_trailing_return_types
    Feature record: CXX_FEATURE:1cxx_unicode_literals
    Feature record: CXX_FEATURE:1cxx_uniform_initialization
    Feature record: CXX_FEATURE:1cxx_unrestricted_unions
    Feature record: CXX_FEATURE:1cxx_user_literals
    Feature record: CXX_FEATURE:0cxx_variable_templates
    Feature record: CXX_FEATURE:1cxx_variadic_macros
    Feature record: CXX_FEATURE:1cxx_variadic_templates


Detecting CXX [-std=c++98] compiler features compiled with the following output:
Change Dir: /home/zqs/project/workload_predict/build/CMakeFiles/CMakeTmp

Run Build Command:"/usr/bin/gmake" "cmTC_99efb/fast"
/usr/bin/gmake -f CMakeFiles/cmTC_99efb.dir/build.make CMakeFiles/cmTC_99efb.dir/build
gmake[1]: Entering directory `/home/zqs/project/workload_predict/build/CMakeFiles/CMakeTmp'
Building CXX object CMakeFiles/cmTC_99efb.dir/feature_tests.cxx.o
/usr/bin/g++    -std=c++98 -o CMakeFiles/cmTC_99efb.dir/feature_tests.cxx.o -c /home/zqs/project/workload_predict/build/CMakeFiles/feature_tests.cxx
Linking CXX executable cmTC_99efb
/usr/local/bin/cmake -E cmake_link_script CMakeFiles/cmTC_99efb.dir/link.txt --verbose=1
/usr/bin/g++       -rdynamic CMakeFiles/cmTC_99efb.dir/feature_tests.cxx.o  -o cmTC_99efb 
gmake[1]: Leaving directory `/home/zqs/project/workload_predict/build/CMakeFiles/CMakeTmp'


    Feature record: CXX_FEATURE:0cxx_aggregate_default_initializers
    Feature record: CXX_FEATURE:0cxx_alias_templates
    Feature record: CXX_FEATURE:0cxx_alignas
    Feature record: CXX_FEATURE:0cxx_alignof
    Feature record: CXX_FEATURE:0cxx_attributes
    Feature record: CXX_FEATURE:0cxx_attribute_deprecated
    Feature record: CXX_FEATURE:0cxx_auto_type
    Feature record: CXX_FEATURE:0cxx_binary_literals
    Feature record: CXX_FEATURE:0cxx_constexpr
    Feature record: CXX_FEATURE:0cxx_contextual_conversions
    Feature record: CXX_FEATURE:0cxx_decltype
    Feature record: CXX_FEATURE:0cxx_decltype_auto
    Feature record: CXX_FEATURE:0cxx_decltype_incomplete_return_types
    Feature record: CXX_FEATURE:0cxx_default_function_template_args
    Feature record: CXX_FEATURE:0cxx_defaulted_functions
    Feature record: CXX_FEATURE:0cxx_defaulted_move_initializers
    Feature record: CXX_FEATURE:0cxx_delegating_constructors
    Feature record: CXX_FEATURE:0cxx_deleted_functions
    Feature record: CXX_FEATURE:0cxx_digit_separators
    Feature record: CXX_FEATURE:0cxx_enum_forward_declarations
    Feature record: CXX_FEATURE:0cxx_explicit_conversions
    Feature record: CXX_FEATURE:0cxx_extended_friend_declarations
    Feature record: CXX_FEATURE:0cxx_extern_templates
    Feature record: CXX_FEATURE:0cxx_final
    Feature record: CXX_FEATURE:0cxx_func_identifier
    Feature record: CXX_FEATURE:0cxx_generalized_initializers
    Feature record: CXX_FEATURE:0cxx_generic_lambdas
    Feature record: CXX_FEATURE:0cxx_inheriting_constructors
    Feature record: CXX_FEATURE:0cxx_inline_namespaces
    Feature record: CXX_FEATURE:0cxx_lambdas
    Feature record: CXX_FEATURE:0cxx_lambda_init_captures
    Feature record: CXX_FEATURE:0cxx_local_type_template_args
    Feature record: CXX_FEATURE:0cxx_long_long_type
    Feature record: CXX_FEATURE:0cxx_noexcept
    Feature record: CXX_FEATURE:0cxx_nonstatic_member_init
    Feature record: CXX_FEATURE:0cxx_nullptr
    Feature record: CXX_FEATURE:0cxx_override
    Feature record: CXX_FEATURE:0cxx_range_for
    Feature record: CXX_FEATURE:0cxx_raw_string_literals
    Feature record: CXX_FEATURE:0cxx_reference_qualified_functions
    Feature record: CXX_FEATURE:0cxx_relaxed_constexpr
    Feature record: CXX_FEATURE:0cxx_return_type_deduction
    Feature record: CXX_FEATURE:0cxx_right_angle_brackets
    Feature record: CXX_FEATURE:0cxx_rvalue_references
    Feature record: CXX_FEATURE:0cxx_sizeof_member
    Feature record: CXX_FEATURE:0cxx_static_assert
    Feature record: CXX_FEATURE:0cxx_strong_enums
    Feature record: CXX_FEATURE:1cxx_template_template_parameters
    Feature record: CXX_FEATURE:0cxx_thread_local
    Feature record: CXX_FEATURE:0cxx_trailing_return_types
    Feature record: CXX_FEATURE:0cxx_unicode_literals
    Feature record: CXX_FEATURE:0cxx_uniform_initialization
    Feature record: CXX_FEATURE:0cxx_unrestricted_unions
    Feature record: CXX_FEATURE:0cxx_user_literals
    Feature record: CXX_FEATURE:0cxx_variable_templates
    Feature record: CXX_FEATURE:0cxx_variadic_macros
    Feature record: CXX_FEATURE:0cxx_variadic_templates
Determining if the C compiler works passed with the following output:
Change Dir: /home/zqs/project/workload_predict/build/CMakeFiles/CMakeTmp

Run Build Command:"/usr/bin/gmake" "cmTC_ca4b0/fast"
/usr/bin/gmake -f CMakeFiles/cmTC_ca4b0.dir/build.make CMakeFiles/cmTC_ca4b0.dir/build
gmake[1]: Entering directory `/home/zqs/project/workload_predict/build/CMakeFiles/CMakeTmp'
Building C object CMakeFiles/cmTC_ca4b0.dir/testCCompiler.c.o
/usr/bin/gcc    -o CMakeFiles/cmTC_ca4b0.dir/testCCompiler.c.o   -c /home/zqs/project/workload_predict/build/CMakeFiles/CMakeTmp/testCCompiler.c
Linking C executable cmTC_ca4b0
/usr/local/bin/cmake -E cmake_link_script CMakeFiles/cmTC_ca4b0.dir/link.txt --verbose=1
/usr/bin/gcc      -rdynamic CMakeFiles/cmTC_ca4b0.dir/testCCompiler.c.o  -o cmTC_ca4b0 
gmake[1]: Leaving directory `/home/zqs/project/workload_predict/build/CMakeFiles/CMakeTmp'


Detecting C compiler ABI info compiled with the following output:
Change Dir: /home/zqs/project/workload_predict/build/CMakeFiles/CMakeTmp

Run Build Command:"/usr/bin/gmake" "cmTC_30a83/fast"
/usr/bin/gmake -f CMakeFiles/cmTC_30a83.dir/build.make CMakeFiles/cmTC_30a83.dir/build
gmake[1]: Entering directory `/home/zqs/project/workload_predict/build/CMakeFiles/CMakeTmp'
Building C object CMakeFiles/cmTC_30a83.dir/CMakeCCompilerABI.c.o
/usr/bin/gcc    -o CMakeFiles/cmTC_30a83.dir/CMakeCCompilerABI.c.o   -c /usr/local/share/cmake-3.12/Modules/CMakeCCompilerABI.c
Linking C executable cmTC_30a83
/usr/local/bin/cmake -E cmake_link_script CMakeFiles/cmTC_30a83.dir/link.txt --verbose=1
/usr/bin/gcc     -v -rdynamic CMakeFiles/cmTC_30a83.dir/CMakeCCompilerABI.c.o  -o cmTC_30a83 
Using built-in specs.
COLLECT_GCC=/usr/bin/gcc
COLLECT_LTO_WRAPPER=/usr/local/gcc/libexec/gcc/x86_64-pc-linux-gnu/7.5.0/lto-wrapper
Target: x86_64-pc-linux-gnu
Configured with: ./configure --prefix=/usr/local/gcc --enable-languages=c,c++ --disable-multilib
Thread model: posix
gcc version 7.5.0 (GCC) 
COMPILER_PATH=/usr/local/gcc/libexec/gcc/x86_64-pc-linux-gnu/7.5.0/:/usr/local/gcc/libexec/gcc/x86_64-pc-linux-gnu/7.5.0/:/usr/local/gcc/libexec/gcc/x86_64-pc-linux-gnu/:/usr/local/gcc/lib/gcc/x86_64-pc-linux-gnu/7.5.0/:/usr/local/gcc/lib/gcc/x86_64-pc-linux-gnu/
LIBRARY_PATH=/usr/local/gcc/lib/gcc/x86_64-pc-linux-gnu/7.5.0/:/usr/local/gcc/lib/gcc/x86_64-pc-linux-gnu/7.5.0/../../../../lib64/:/lib/../lib64/:/usr/lib/../lib64/:/usr/local/gcc/lib/gcc/x86_64-pc-linux-gnu/7.5.0/../../../:/lib/:/usr/lib/
COLLECT_GCC_OPTIONS='-v' '-rdynamic' '-o' 'cmTC_30a83' '-mtune=generic' '-march=x86-64'
 /usr/local/gcc/libexec/gcc/x86_64-pc-linux-gnu/7.5.0/collect2 -plugin /usr/local/gcc/libexec/gcc/x86_64-pc-linux-gnu/7.5.0/liblto_plugin.so -plugin-opt=/usr/local/gcc/libexec/gcc/x86_64-pc-linux-gnu/7.5.0/lto-wrapper -plugin-opt=-fresolution=/tmp/cctfswZd.res -plugin-opt=-pass-through=-lgcc -plugin-opt=-pass-through=-lgcc_s -plugin-opt=-pass-through=-lc -plugin-opt=-pass-through=-lgcc -plugin-opt=-pass-through=-lgcc_s --eh-frame-hdr -m elf_x86_64 -export-dynamic -dynamic-linker /lib64/ld-linux-x86-64.so.2 -o cmTC_30a83 /lib/../lib64/crt1.o /lib/../lib64/crti.o /usr/local/gcc/lib/gcc/x86_64-pc-linux-gnu/7.5.0/crtbegin.o -L/usr/local/gcc/lib/gcc/x86_64-pc-linux-gnu/7.5.0 -L/usr/local/gcc/lib/gcc/x86_64-pc-linux-gnu/7.5.0/../../../../lib64 -L/lib/../lib64 -L/usr/lib/../lib64 -L/usr/local/gcc/lib/gcc/x86_64-pc-linux-gnu/7.5.0/../../.. CMakeFiles/cmTC_30a83.dir/CMakeCCompilerABI.c.o -lgcc --as-needed -lgcc_s --no-as-needed -lc -lgcc --as-needed -lgcc_s --no-as-needed /usr/local/gcc/lib/gcc/x86_64-pc-linux-gnu/7.5.0/crtend.o /lib/../lib64/crtn.o
COLLECT_GCC_OPTIONS='-v' '-rdynamic' '-o' 'cmTC_30a83' '-mtune=generic' '-march=x86-64'
gmake[1]: Leaving directory `/home/zqs/project/workload_predict/build/CMakeFiles/CMakeTmp'


Parsed C implicit link information from above output:
  link line regex: [^( *|.*[/\])(ld|CMAKE_LINK_STARTFILE-NOTFOUND|([^/\]+-)?ld|collect2)[^/\]*( |$)]
  ignore line: [Change Dir: /home/zqs/project/workload_predict/build/CMakeFiles/CMakeTmp]
  ignore line: []
  ignore line: [Run Build Command:"/usr/bin/gmake" "cmTC_30a83/fast"]
  ignore line: [/usr/bin/gmake -f CMakeFiles/cmTC_30a83.dir/build.make CMakeFiles/cmTC_30a83.dir/build]
  ignore line: [gmake[1]: Entering directory `/home/zqs/project/workload_predict/build/CMakeFiles/CMakeTmp']
  ignore line: [Building C object CMakeFiles/cmTC_30a83.dir/CMakeCCompilerABI.c.o]
  ignore line: [/usr/bin/gcc    -o CMakeFiles/cmTC_30a83.dir/CMakeCCompilerABI.c.o   -c /usr/local/share/cmake-3.12/Modules/CMakeCCompilerABI.c]
  ignore line: [Linking C executable cmTC_30a83]
  ignore line: [/usr/local/bin/cmake -E cmake_link_script CMakeFiles/cmTC_30a83.dir/link.txt --verbose=1]
  ignore line: [/usr/bin/gcc     -v -rdynamic CMakeFiles/cmTC_30a83.dir/CMakeCCompilerABI.c.o  -o cmTC_30a83 ]
  ignore line: [Using built-in specs.]
  ignore line: [COLLECT_GCC=/usr/bin/gcc]
  ignore line: [COLLECT_LTO_WRAPPER=/usr/local/gcc/libexec/gcc/x86_64-pc-linux-gnu/7.5.0/lto-wrapper]
  ignore line: [Target: x86_64-pc-linux-gnu]
  ignore line: [Configured with: ./configure --prefix=/usr/local/gcc --enable-languages=c,c++ --disable-multilib]
  ignore line: [Thread model: posix]
  ignore line: [gcc version 7.5.0 (GCC) ]
  ignore line: [COMPILER_PATH=/usr/local/gcc/libexec/gcc/x86_64-pc-linux-gnu/7.5.0/:/usr/local/gcc/libexec/gcc/x86_64-pc-linux-gnu/7.5.0/:/usr/local/gcc/libexec/gcc/x86_64-pc-linux-gnu/:/usr/local/gcc/lib/gcc/x86_64-pc-linux-gnu/7.5.0/:/usr/local/gcc/lib/gcc/x86_64-pc-linux-gnu/]
  ignore line: [LIBRARY_PATH=/usr/local/gcc/lib/gcc/x86_64-pc-linux-gnu/7.5.0/:/usr/local/gcc/lib/gcc/x86_64-pc-linux-gnu/7.5.0/../../../../lib64/:/lib/../lib64/:/usr/lib/../lib64/:/usr/local/gcc/lib/gcc/x86_64-pc-linux-gnu/7.5.0/../../../:/lib/:/usr/lib/]
  ignore line: [COLLECT_GCC_OPTIONS='-v' '-rdynamic' '-o' 'cmTC_30a83' '-mtune=generic' '-march=x86-64']
  link line: [ /usr/local/gcc/libexec/gcc/x86_64-pc-linux-gnu/7.5.0/collect2 -plugin /usr/local/gcc/libexec/gcc/x86_64-pc-linux-gnu/7.5.0/liblto_plugin.so -plugin-opt=/usr/local/gcc/libexec/gcc/x86_64-pc-linux-gnu/7.5.0/lto-wrapper -plugin-opt=-fresolution=/tmp/cctfswZd.res -plugin-opt=-pass-through=-lgcc -plugin-opt=-pass-through=-lgcc_s -plugin-opt=-pass-through=-lc -plugin-opt=-pass-through=-lgcc -plugin-opt=-pass-through=-lgcc_s --eh-frame-hdr -m elf_x86_64 -export-dynamic -dynamic-linker /lib64/ld-linux-x86-64.so.2 -o cmTC_30a83 /lib/../lib64/crt1.o /lib/../lib64/crti.o /usr/local/gcc/lib/gcc/x86_64-pc-linux-gnu/7.5.0/crtbegin.o -L/usr/local/gcc/lib/gcc/x86_64-pc-linux-gnu/7.5.0 -L/usr/local/gcc/lib/gcc/x86_64-pc-linux-gnu/7.5.0/../../../../lib64 -L/lib/../lib64 -L/usr/lib/../lib64 -L/usr/local/gcc/lib/gcc/x86_64-pc-linux-gnu/7.5.0/../../.. CMakeFiles/cmTC_30a83.dir/CMakeCCompilerABI.c.o -lgcc --as-needed -lgcc_s --no-as-needed -lc -lgcc --as-needed -lgcc_s --no-as-needed /usr/local/gcc/lib/gcc/x86_64-pc-linux-gnu/7.5.0/crtend.o /lib/../lib64/crtn.o]
    arg [/usr/local/gcc/libexec/gcc/x86_64-pc-linux-gnu/7.5.0/collect2] ==> ignore
    arg [-plugin] ==> ignore
    arg [/usr/local/gcc/libexec/gcc/x86_64-pc-linux-gnu/7.5.0/liblto_plugin.so] ==> ignore
    arg [-plugin-opt=/usr/local/gcc/libexec/gcc/x86_64-pc-linux-gnu/7.5.0/lto-wrapper] ==> ignore
    arg [-plugin-opt=-fresolution=/tmp/cctfswZd.res] ==> ignore
    arg [-plugin-opt=-pass-through=-lgcc] ==> ignore
    arg [-plugin-opt=-pass-through=-lgcc_s] ==> ignore
    arg [-plugin-opt=-pass-through=-lc] ==> ignore
    arg [-plugin-opt=-pass-through=-lgcc] ==> ignore
    arg [-plugin-opt=-pass-through=-lgcc_s] ==> ignore
    arg [--eh-frame-hdr] ==> ignore
    arg [-m] ==> ignore
    arg [elf_x86_64] ==> ignore
    arg [-export-dynamic] ==> ignore
    arg [-dynamic-linker] ==> ignore
    arg [/lib64/ld-linux-x86-64.so.2] ==> ignore
    arg [-o] ==> ignore
    arg [cmTC_30a83] ==> ignore
    arg [/lib/../lib64/crt1.o] ==> ignore
    arg [/lib/../lib64/crti.o] ==> ignore
    arg [/usr/local/gcc/lib/gcc/x86_64-pc-linux-gnu/7.5.0/crtbegin.o] ==> ignore
    arg [-L/usr/local/gcc/lib/gcc/x86_64-pc-linux-gnu/7.5.0] ==> dir [/usr/local/gcc/lib/gcc/x86_64-pc-linux-gnu/7.5.0]
    arg [-L/usr/local/gcc/lib/gcc/x86_64-pc-linux-gnu/7.5.0/../../../../lib64] ==> dir [/usr/local/gcc/lib/gcc/x86_64-pc-linux-gnu/7.5.0/../../../../lib64]
    arg [-L/lib/../lib64] ==> dir [/lib/../lib64]
    arg [-L/usr/lib/../lib64] ==> dir [/usr/lib/../lib64]
    arg [-L/usr/local/gcc/lib/gcc/x86_64-pc-linux-gnu/7.5.0/../../..] ==> dir [/usr/local/gcc/lib/gcc/x86_64-pc-linux-gnu/7.5.0/../../..]
    arg [CMakeFiles/cmTC_30a83.dir/CMakeCCompilerABI.c.o] ==> ignore
    arg [-lgcc] ==> lib [gcc]
    arg [--as-needed] ==> ignore
    arg [-lgcc_s] ==> lib [gcc_s]
    arg [--no-as-needed] ==> ignore
    arg [-lc] ==> lib [c]
    arg [-lgcc] ==> lib [gcc]
    arg [--as-needed] ==> ignore
    arg [-lgcc_s] ==> lib [gcc_s]
    arg [--no-as-needed] ==> ignore
    arg [/usr/local/gcc/lib/gcc/x86_64-pc-linux-gnu/7.5.0/crtend.o] ==> ignore
    arg [/lib/../lib64/crtn.o] ==> ignore
  collapse library dir [/usr/local/gcc/lib/gcc/x86_64-pc-linux-gnu/7.5.0] ==> [/usr/local/gcc/lib/gcc/x86_64-pc-linux-gnu/7.5.0]
  collapse library dir [/usr/local/gcc/lib/gcc/x86_64-pc-linux-gnu/7.5.0/../../../../lib64] ==> [/usr/local/gcc/lib64]
  collapse library dir [/lib/../lib64] ==> [/lib64]
  collapse library dir [/usr/lib/../lib64] ==> [/usr/lib64]
  collapse library dir [/usr/local/gcc/lib/gcc/x86_64-pc-linux-gnu/7.5.0/../../..] ==> [/usr/local/gcc/lib]
  implicit libs: [gcc;gcc_s;c;gcc;gcc_s]
  implicit dirs: [/usr/local/gcc/lib/gcc/x86_64-pc-linux-gnu/7.5.0;/usr/local/gcc/lib64;/lib64;/usr/lib64;/usr/local/gcc/lib]
  implicit fwks: []




Detecting C [-std=c11] compiler features compiled with the following output:
Change Dir: /home/zqs/project/workload_predict/build/CMakeFiles/CMakeTmp

Run Build Command:"/usr/bin/gmake" "cmTC_2ba4b/fast"
/usr/bin/gmake -f CMakeFiles/cmTC_2ba4b.dir/build.make CMakeFiles/cmTC_2ba4b.dir/build
gmake[1]: Entering directory `/home/zqs/project/workload_predict/build/CMakeFiles/CMakeTmp'
Building C object CMakeFiles/cmTC_2ba4b.dir/feature_tests.c.o
/usr/bin/gcc   -std=c11 -o CMakeFiles/cmTC_2ba4b.dir/feature_tests.c.o   -c /home/zqs/project/workload_predict/build/CMakeFiles/feature_tests.c
Linking C executable cmTC_2ba4b
/usr/local/bin/cmake -E cmake_link_script CMakeFiles/cmTC_2ba4b.dir/link.txt --verbose=1
/usr/bin/gcc      -rdynamic CMakeFiles/cmTC_2ba4b.dir/feature_tests.c.o  -o cmTC_2ba4b 
gmake[1]: Leaving directory `/home/zqs/project/workload_predict/build/CMakeFiles/CMakeTmp'


    Feature record: C_FEATURE:1c_function_prototypes
    Feature record: C_FEATURE:1c_restrict
    Feature record: C_FEATURE:1c_static_assert
    Feature record: C_FEATURE:1c_variadic_macros


Detecting C [-std=c99] compiler features compiled with the following output:
Change Dir: /home/zqs/project/workload_predict/build/CMakeFiles/CMakeTmp

Run Build Command:"/usr/bin/gmake" "cmTC_bc9f5/fast"
/usr/bin/gmake -f CMakeFiles/cmTC_bc9f5.dir/build.make CMakeFiles/cmTC_bc9f5.dir/build
gmake[1]: Entering directory `/home/zqs/project/workload_predict/build/CMakeFiles/CMakeTmp'
Building C object CMakeFiles/cmTC_bc9f5.dir/feature_tests.c.o
/usr/bin/gcc   -std=c99 -o CMakeFiles/cmTC_bc9f5.dir/feature_tests.c.o   -c /home/zqs/project/workload_predict/build/CMakeFiles/feature_tests.c
Linking C executable cmTC_bc9f5
/usr/local/bin/cmake -E cmake_link_script CMakeFiles/cmTC_bc9f5.dir/link.txt --verbose=1
/usr/bin/gcc      -rdynamic CMakeFiles/cmTC_bc9f5.dir/feature_tests.c.o  -o cmTC_bc9f5 
gmake[1]: Leaving directory `/home/zqs/project/workload_predict/build/CMakeFiles/CMakeTmp'


    Feature record: C_FEATURE:1c_function_prototypes
    Feature record: C_FEATURE:1c_restrict
    Feature record: C_FEATURE:0c_static_assert
    Feature record: C_FEATURE:1c_variadic_macros


Detecting C [-std=c90] compiler features compiled with the following output:
Change Dir: /home/zqs/project/workload_predict/build/CMakeFiles/CMakeTmp

Run Build Command:"/usr/bin/gmake" "cmTC_3e909/fast"
/usr/bin/gmake -f CMakeFiles/cmTC_3e909.dir/build.make CMakeFiles/cmTC_3e909.dir/build
gmake[1]: Entering directory `/home/zqs/project/workload_predict/build/CMakeFiles/CMakeTmp'
Building C object CMakeFiles/cmTC_3e909.dir/feature_tests.c.o
/usr/bin/gcc   -std=c90 -o CMakeFiles/cmTC_3e909.dir/feature_tests.c.o   -c /home/zqs/project/workload_predict/build/CMakeFiles/feature_tests.c
Linking C executable cmTC_3e909
/usr/local/bin/cmake -E cmake_link_script CMakeFiles/cmTC_3e909.dir/link.txt --verbose=1
/usr/bin/gcc      -rdynamic CMakeFiles/cmTC_3e909.dir/feature_tests.c.o  -o cmTC_3e909 
gmake[1]: Leaving directory `/home/zqs/project/workload_predict/build/CMakeFiles/CMakeTmp'


    Feature record: C_FEATURE:1c_function_prototypes
    Feature record: C_FEATURE:0c_restrict
    Feature record: C_FEATURE:0c_static_assert
    Feature record: C_FEATURE:0c_variadic_macros
Determining if the include file pthread.h exists passed with the following output:
Change Dir: /home/zqs/project/workload_predict/build/CMakeFiles/CMakeTmp

Run Build Command:"/usr/bin/gmake" "cmTC_58bf1/fast"
/usr/bin/gmake -f CMakeFiles/cmTC_58bf1.dir/build.make CMakeFiles/cmTC_58bf1.dir/build
gmake[1]: Entering directory `/home/zqs/project/workload_predict/build/CMakeFiles/CMakeTmp'
Building C object CMakeFiles/cmTC_58bf1.dir/CheckIncludeFile.c.o
/usr/bin/gcc    -o CMakeFiles/cmTC_58bf1.dir/CheckIncludeFile.c.o   -c /home/zqs/project/workload_predict/build/CMakeFiles/CMakeTmp/CheckIncludeFile.c
Linking C executable cmTC_58bf1
/usr/local/bin/cmake -E cmake_link_script CMakeFiles/cmTC_58bf1.dir/link.txt --verbose=1
/usr/bin/gcc      -rdynamic CMakeFiles/cmTC_58bf1.dir/CheckIncludeFile.c.o  -o cmTC_58bf1 
gmake[1]: Leaving directory `/home/zqs/project/workload_predict/build/CMakeFiles/CMakeTmp'


Determining if the function pthread_create exists in the pthread passed with the following output:
Change Dir: /home/zqs/project/workload_predict/build/CMakeFiles/CMakeTmp

Run Build Command:"/usr/bin/gmake" "cmTC_26a99/fast"
/usr/bin/gmake -f CMakeFiles/cmTC_26a99.dir/build.make CMakeFiles/cmTC_26a99.dir/build
gmake[1]: Entering directory `/home/zqs/project/workload_predict/build/CMakeFiles/CMakeTmp'
Building C object CMakeFiles/cmTC_26a99.dir/CheckFunctionExists.c.o
/usr/bin/gcc   -DCHECK_FUNCTION_EXISTS=pthread_create   -o CMakeFiles/cmTC_26a99.dir/CheckFunctionExists.c.o   -c /usr/local/share/cmake-3.12/Modules/CheckFunctionExists.c
Linking C executable cmTC_26a99
/usr/local/bin/cmake -E cmake_link_script CMakeFiles/cmTC_26a99.dir/link.txt --verbose=1
/usr/bin/gcc  -DCHECK_FUNCTION_EXISTS=pthread_create    -rdynamic CMakeFiles/cmTC_26a99.dir/CheckFunctionExists.c.o  -o cmTC_26a99 -lpthread 
gmake[1]: Leaving directory `/home/zqs/project/workload_predict/build/CMakeFiles/CMakeTmp'


Performing C++ SOURCE FILE Test COMPILER_SUPPORTS_CXX11 succeeded with the following output:
Change Dir: /home/zqs/project/workload_predict/build/CMakeFiles/CMakeTmp

Run Build Command:"/usr/bin/gmake" "cmTC_9fdfd/fast"
/usr/bin/gmake -f CMakeFiles/cmTC_9fdfd.dir/build.make CMakeFiles/cmTC_9fdfd.dir/build
gmake[1]: Entering directory `/home/zqs/project/workload_predict/build/CMakeFiles/CMakeTmp'
Building CXX object CMakeFiles/cmTC_9fdfd.dir/src.cxx.o
/usr/bin/g++    -DCOMPILER_SUPPORTS_CXX11   -std=c++11 -o CMakeFiles/cmTC_9fdfd.dir/src.cxx.o -c /home/zqs/project/workload_predict/build/CMakeFiles/CMakeTmp/src.cxx
Linking CXX executable cmTC_9fdfd
/usr/local/bin/cmake -E cmake_link_script CMakeFiles/cmTC_9fdfd.dir/link.txt --verbose=1
/usr/bin/g++   -DCOMPILER_SUPPORTS_CXX11    -rdynamic CMakeFiles/cmTC_9fdfd.dir/src.cxx.o  -o cmTC_9fdfd 
gmake[1]: Leaving directory `/home/zqs/project/workload_predict/build/CMakeFiles/CMakeTmp'

Source file was:
int main() { return 0; }
