Determining if the pthread_create exist failed with the following output:
Change Dir: /home/zqs/project/workload_predict/build/CMakeFiles/CMakeTmp

Run Build Command:"/usr/bin/gmake" "cmTC_8e115/fast"
/usr/bin/gmake -f CMakeFiles/cmTC_8e115.dir/build.make CMakeFiles/cmTC_8e115.dir/build
gmake[1]: Entering directory `/home/zqs/project/workload_predict/build/CMakeFiles/CMakeTmp'
Building C object CMakeFiles/cmTC_8e115.dir/CheckSymbolExists.c.o
/usr/bin/cc    -o CMakeFiles/cmTC_8e115.dir/CheckSymbolExists.c.o   -c /home/zqs/project/workload_predict/build/CMakeFiles/CMakeTmp/CheckSymbolExists.c
Linking C executable cmTC_8e115
/usr/local/bin/cmake -E cmake_link_script CMakeFiles/cmTC_8e115.dir/link.txt --verbose=1
/usr/bin/cc      -rdynamic CMakeFiles/cmTC_8e115.dir/CheckSymbolExists.c.o  -o cmTC_8e115 
CMakeFiles/cmTC_8e115.dir/CheckSymbolExists.c.o: In function `main':
CheckSymbolExists.c:(.text+0x16): undefined reference to `pthread_create'
collect2: error: ld returned 1 exit status
gmake[1]: *** [cmTC_8e115] Error 1
gmake[1]: Leaving directory `/home/zqs/project/workload_predict/build/CMakeFiles/CMakeTmp'
gmake: *** [cmTC_8e115/fast] Error 2

File /home/zqs/project/workload_predict/build/CMakeFiles/CMakeTmp/CheckSymbolExists.c:
/* */
#include <pthread.h>

int main(int argc, char** argv)
{
  (void)argv;
#ifndef pthread_create
  return ((int*)(&pthread_create))[argc];
#else
  (void)argc;
  return 0;
#endif
}

Determining if the function pthread_create exists in the pthreads failed with the following output:
Change Dir: /home/zqs/project/workload_predict/build/CMakeFiles/CMakeTmp

Run Build Command:"/usr/bin/gmake" "cmTC_2ce0e/fast"
/usr/bin/gmake -f CMakeFiles/cmTC_2ce0e.dir/build.make CMakeFiles/cmTC_2ce0e.dir/build
gmake[1]: Entering directory `/home/zqs/project/workload_predict/build/CMakeFiles/CMakeTmp'
Building C object CMakeFiles/cmTC_2ce0e.dir/CheckFunctionExists.c.o
/usr/bin/cc   -DCHECK_FUNCTION_EXISTS=pthread_create   -o CMakeFiles/cmTC_2ce0e.dir/CheckFunctionExists.c.o   -c /usr/local/share/cmake-3.12/Modules/CheckFunctionExists.c
Linking C executable cmTC_2ce0e
/usr/local/bin/cmake -E cmake_link_script CMakeFiles/cmTC_2ce0e.dir/link.txt --verbose=1
/usr/bin/cc  -DCHECK_FUNCTION_EXISTS=pthread_create    -rdynamic CMakeFiles/cmTC_2ce0e.dir/CheckFunctionExists.c.o  -o cmTC_2ce0e -lpthreads 
/usr/bin/ld: cannot find -lpthreads
collect2: error: ld returned 1 exit status
gmake[1]: *** [cmTC_2ce0e] Error 1
gmake[1]: Leaving directory `/home/zqs/project/workload_predict/build/CMakeFiles/CMakeTmp'
gmake: *** [cmTC_2ce0e/fast] Error 2


